<?xml version="1.0" encoding="UTF-8"?>
<!-- Generated by org.testng.reporters.JUnitReportReporter -->
<testsuite hostname="DESKTOP-QRIS865" failures="0" tests="1" name="com.test.test_login" time="13.749" errors="0" timestamp="2022-06-20T21:13:37 IST" skipped="0">
  <testcase classname="com.test.test_login" name="test001" time="13.749"/>
  <system-out/>
</testsuite> <!-- com.test.test_login -->
